22-11-2021 11:16:18 | Добавлена запись в таблицу: pages | ID: 9 | Главная 
ID пользователя 14 

20-11-2021 23:43:33 | Изменена запись в таблице: section | ID: 33 | fffffdd 
ID пользователя 14 

20-11-2021 23:43:17 | Изменена запись в таблице: section | ID: 32 | dasdasd 
ID пользователя 14 

19-11-2021 17:38:44 | Изменена запись в таблице: section | ID: 33 | fffffdd 
ID пользователя 14 

19-11-2021 17:38:32 | Добавлена запись в таблицу: section | ID: 33 | fffff 
ID пользователя 14 

19-11-2021 17:37:34 | Изменена запись в таблице: section | ID: 32 | dasdasd 
ID пользователя 14 

19-11-2021 17:37:21 | Изменена запись в таблице: section | ID: 32 | dasdasd 
ID пользователя 14 

19-11-2021 17:36:33 | Изменена запись в таблице: section | ID: 32 | dasdasd 
ID пользователя 14 

19-11-2021 17:36:03 | Добавлена запись в таблицу: section | ID: 32 | dasdasd 
ID пользователя 14 

19-11-2021 15:56:44 | Изменена запись в таблице: section | ID: 31 | dsadasйй 
ID пользователя 14 

19-11-2021 15:44:47 | Добавлена запись в таблицу: section | ID: 31 | dsadas 
ID пользователя 14 

19-11-2021 15:44:32 | Добавлена запись в таблицу: section | ID: 30 | ddd 
ID пользователя 14 

19-11-2021 15:44:12 | Изменена запись в таблице: section | ID: 28 | asdsad 
ID пользователя 14 

19-11-2021 15:43:51 | Изменена запись в таблице: section | ID: 28 | asdsad 
ID пользователя 14 

19-11-2021 15:43:31 | Изменена запись в таблице: section | ID: 29 | dsadas 
ID пользователя 14 

19-11-2021 15:34:11 | Добавлена запись в таблицу: section | ID: 29 | dsadas 
ID пользователя 14 

19-11-2021 15:31:31 | Добавлена запись в таблицу: section | ID: 28 | asdsad 
ID пользователя 14 

19-11-2021 13:56:22 | Добавлена запись в таблицу: pages | ID: 2 | КАТКИ 
ID пользователя 14 

19-11-2021 13:36:12 | Добавлена запись в таблицу: pages | ID: 1 | КАТКИ 
ID пользователя 14 

15-11-2021 18:07:58 | Изменена запись в таблице: section | ID: 26 | Детский хоккейный клуб "ALMA-ATA" 
ID пользователя 14 

15-11-2021 07:12:45 | Изменена запись в таблице: section | ID: 7 | Детский хоккейный клуб «STRIZHI» 
ID пользователя 14 

15-11-2021 06:45:44 | Изменена запись в таблице: section | ID: 6 | Детский хоккейный клуб «MEDVEDI» 
ID пользователя 14 

15-11-2021 06:33:25 | Изменена запись в таблице: section | ID: 5 | Детский хоккейный клуб «DINAMO» 
ID пользователя 14 

15-11-2021 06:32:23 | Изменена запись в таблице: section | ID: 5 | Детский хоккейный клуб «DINAMO» 
ID пользователя 14 

15-11-2021 06:06:57 | Изменена запись в таблице: section | ID: 4 | Школа хоккейного мастерства «BRIGANTINA» 
ID пользователя 14 

15-11-2021 06:06:25 | Изменена запись в таблице: section | ID: 4 | Школа хоккейного мастерства «BRIGANTINA» 
ID пользователя 14 

15-11-2021 06:01:44 | Изменена запись в таблице: section | ID: 3 | Детский хоккейный клуб «HOCKEY PLANET» 
ID пользователя 14 

15-11-2021 05:39:48 | Изменена запись в таблице: section | ID: 2 | Детско-юношеская спортивная школа «ASTANA» 
ID пользователя 14 

15-11-2021 05:38:06 | Изменена запись в таблице: section | ID: 2 | Детско-юношеская спортивная школа «ASTANA» 
ID пользователя 14 

15-11-2021 05:37:30 | Изменена запись в таблице: section | ID: 2 | Детско-юношеская спортивная школа «ASTANA» 
ID пользователя 14 

15-11-2021 05:34:49 | Изменена запись в таблице: section | ID: 2 | Детско-юношеская спортивная школа «ASTANA» 
ID пользователя 14 

15-11-2021 05:33:31 | Изменена запись в таблице: section | ID: 2 | Детско-юношеская спортивная школа «ASTANA» 
ID пользователя 14 

15-11-2021 05:28:35 | Изменена запись в таблице: section | ID: 2 | Детско-юношеская спортивная школа «ASTANA» 
ID пользователя 14 

15-11-2021 05:12:07 | Изменена запись в таблице: section | ID: 1 | Детско-юношеская спортивная школа «BARYS» 
ID пользователя 14 

15-11-2021 05:11:00 | Изменена запись в таблице: section | ID: 26 | Детский хоккейный клуб "ALMA-ATA" 
ID пользователя 14 

15-11-2021 05:10:56 | Изменена запись в таблице: section | ID: 25 | Академия хоккея «AQTOBE» 
ID пользователя 14 

15-11-2021 05:10:53 | Изменена запись в таблице: section | ID: 24 | Детско-юношеская спортивная школа «KAYSAR» 
ID пользователя 14 

15-11-2021 05:10:50 | Изменена запись в таблице: section | ID: 23 | Детско-юношеская спортивная школа «YASTREBY» 
ID пользователя 14 

15-11-2021 05:10:47 | Изменена запись в таблице: section | ID: 22 | Детский хоккейный клуб «GORNYAK» 
ID пользователя 14 

15-11-2021 05:10:43 | Изменена запись в таблице: section | ID: 21 | Детско-юношеская спортивная школа «YASTREBY» 
ID пользователя 14 

15-11-2021 05:10:40 | Изменена запись в таблице: section | ID: 20 | Детский хоккейный клуб «BEIBARYS» 
ID пользователя 14 

15-11-2021 05:10:36 | Изменена запись в таблице: section | ID: 19 | Детско-юношеская спортивная школа «OLIMP» 
ID пользователя 14 

15-11-2021 05:10:33 | Изменена запись в таблице: section | ID: 18 | Детский хоккейный клуб «CASPIY» 
ID пользователя 14 

15-11-2021 05:10:26 | Изменена запись в таблице: section | ID: 17 | Детско-юношеская спортивная школа «QULAGER» 
ID пользователя 14 

15-11-2021 05:10:20 | Изменена запись в таблице: section | ID: 16 | Детско-юношеская спортивная школа «MOLNIYA» 
ID пользователя 14 

15-11-2021 05:10:15 | Изменена запись в таблице: section | ID: 15 | Детско-юношеская спортивная школа «ERTIS» 
ID пользователя 14 

15-11-2021 05:10:12 | Изменена запись в таблице: section | ID: 14 | Детско-юношеская спортивная школа «TURAN» 
ID пользователя 14 

15-11-2021 05:10:07 | Изменена запись в таблице: section | ID: 13 | Детский хоккейный клуб «PSO» 
ID пользователя 14 

15-11-2021 05:09:55 | Изменена запись в таблице: section | ID: 12 | Детско-юношеская спортивная школа «JUNOST» 
ID пользователя 14 

15-11-2021 05:09:51 | Изменена запись в таблице: section | ID: 10 | Академия хоккея «ARLAN» 
ID пользователя 14 

15-11-2021 05:09:47 | Изменена запись в таблице: section | ID: 8 | Хоккейный клуб «RAKHIMZHAN» 
ID пользователя 14 

15-11-2021 05:09:44 | Изменена запись в таблице: section | ID: 7 | Детский хоккейный клуб «STRIZHI» 
ID пользователя 14 

15-11-2021 05:09:38 | Изменена запись в таблице: section | ID: 6 | Детский хоккейный клуб «MEDVEDI» 
ID пользователя 14 

15-11-2021 05:09:34 | Изменена запись в таблице: section | ID: 5 | Детский хоккейный клуб «DINAMO» 
ID пользователя 14 

15-11-2021 05:09:30 | Изменена запись в таблице: section | ID: 4 | Школа хоккейного мастерства «BRIGANTINA» 
ID пользователя 14 

15-11-2021 05:09:26 | Изменена запись в таблице: section | ID: 3 | Детский хоккейный клуб «HOCKEY PLANET» 
ID пользователя 14 

15-11-2021 05:09:21 | Изменена запись в таблице: section | ID: 2 | Детско-юношеская спортивная школа «ASTANA» 
ID пользователя 14 

15-11-2021 05:09:15 | Изменена запись в таблице: section | ID: 1 | Детско-юношеская спортивная школа «BARYS» 
ID пользователя 14 

15-11-2021 04:56:48 | Изменена запись в таблице: section | ID: 27 | Детско-юношеская спортивная школа «TORPEDO» 
ID пользователя 14 

14-11-2021 07:07:22 | Изменена запись в таблице: section | ID: 1 | Детско-юношеская спортивная школа «BARYS» 
ID пользователя 14 

14-11-2021 07:07:18 | Изменена запись в таблице: section | ID: 1 | Детско-юношеская спортивная школа «BARYS» 
ID пользователя 14 

14-11-2021 07:06:15 | Изменена запись в таблице: section | ID: 1 | Детско-юношеская спортивная школа «BARYS» 
ID пользователя 14 

14-11-2021 06:01:16 | Изменена запись в таблице: section | ID: 2 | Детско-юношеская спортивная школа «ASTANA» 
ID пользователя 14 

14-11-2021 05:59:12 | Изменена запись в таблице: section | ID: 1 | Детско-юношеская спортивная школа «BARYS» 
ID пользователя 14 

14-11-2021 05:54:57 | Изменена запись в таблице: section | ID: 1 | Детско-юношеская спортивная школа «BARYS» 
ID пользователя 14 

14-11-2021 05:47:50 | Изменена запись в таблице: section | ID: 1 | Детско-юношеская спортивная школа «BARYS» 
ID пользователя 14 

14-11-2021 05:44:30 | Изменена запись в таблице: section | ID: 1 | Детско-юношеская спортивная школа «BARYS» 
ID пользователя 14 

14-11-2021 05:42:54 | Изменена запись в таблице: section | ID: 1 | Детско-юношеская спортивная школа «BARYS» 
ID пользователя 14 

14-11-2021 05:41:42 | Изменена запись в таблице: section | ID: 1 | Детско-юношеская спортивная школа «BARYS» 
ID пользователя 14 

13-11-2021 19:30:53 | Изменена запись в таблице: section | ID: 1 | Детско-юношеская спортивная школа «BARYS» 
ID пользователя 14 

13-11-2021 19:26:36 | Изменена запись в таблице: section | ID: 1 | Детско-юношеская спортивная школа «BARYS» 
ID пользователя 14 

13-11-2021 19:26:06 | Изменена запись в таблице: section | ID: 1 | Детско-юношеская спортивная школа «BARYS» 
ID пользователя 14 

13-11-2021 19:25:41 | Изменена запись в таблице: section | ID: 1 | Детско-юношеская спортивная школа «BARYS» 
ID пользователя 14 

13-11-2021 19:24:45 | Изменена запись в таблице: section | ID: 1 | Детско-юношеская спортивная школа «BARYS» 
ID пользователя 14 

13-11-2021 19:23:49 | Изменена запись в таблице: section | ID: 1 | Детско-юношеская спортивная школа «BARYS» 
ID пользователя 14 

13-11-2021 19:21:51 | Изменена запись в таблице: section | ID: 1 | Детско-юношеская спортивная школа «BARYS» 
ID пользователя 14 

13-11-2021 19:20:28 | Изменена запись в таблице: section | ID: 1 | Детско-юношеская спортивная школа «BARYS» 
ID пользователя 14 

13-11-2021 19:14:59 | Изменена запись в таблице: section | ID: 1 | Детско-юношеская спортивная школа «BARYS» 
ID пользователя 14 

13-11-2021 19:12:20 | Изменена запись в таблице: section | ID: 1 | Детско-юношеская спортивная школа «BARYS» 
ID пользователя 14 

13-11-2021 19:12:15 | Изменена запись в таблице: section | ID: 2 | КГУ «Специализированная детско-юношеская спортивная школа №10 по хоккею с шайбой» акимата г.Нур-Султан 
ID пользователя 14 

13-11-2021 19:12:11 | Изменена запись в таблице: section | ID: 3 | Детский хоккейный клуб «HOCKEY PLANET» 
ID пользователя 14 

13-11-2021 19:12:06 | Изменена запись в таблице: section | ID: 4 | Школа хоккейного мастерства «BRIGANTINA» 
ID пользователя 14 

13-11-2021 19:12:01 | Изменена запись в таблице: section | ID: 5 | Детский хоккейный клуб «DINAMO» 
ID пользователя 14 

13-11-2021 19:11:56 | Изменена запись в таблице: section | ID: 6 | Детский хоккейный клуб «MEDVEDI» 
ID пользователя 14 

13-11-2021 19:11:49 | Изменена запись в таблице: section | ID: 7 | Детский хоккейный клуб «STRIZHI» 
ID пользователя 14 

13-11-2021 19:11:45 | Изменена запись в таблице: section | ID: 8 | Хоккейный клуб «RAKHIMZHAN» 
ID пользователя 14 

13-11-2021 19:11:40 | Изменена запись в таблице: section | ID: 10 | Академия хоккея «ARLAN» 
ID пользователя 14 

13-11-2021 19:11:36 | Изменена запись в таблице: section | ID: 12 | Детско-юношеская спортивная школа «JUNOST» 
ID пользователя 14 

13-11-2021 19:11:28 | Изменена запись в таблице: section | ID: 13 | Детский хоккейный клуб «PSO» 
ID пользователя 14 

13-11-2021 19:11:23 | 1636830683.png 
ID пользователя 14 

13-11-2021 19:10:57 | Изменена запись в таблице: section | ID: 14 | Детско-юношеская спортивная школа «TURAN» 
ID пользователя 14 

13-11-2021 19:10:52 | Изменена запись в таблице: section | ID: 15 | Детско-юношеская спортивная школа «ERTIS» 
ID пользователя 14 

13-11-2021 19:10:48 | Изменена запись в таблице: section | ID: 26 | Детский хоккейный клуб "ALMA-ATA" 
ID пользователя 14 

13-11-2021 19:09:37 | Изменена запись в таблице: section | ID: 15 | Детско-юношеская спортивная школа «ERTIS» 
ID пользователя 14 

13-11-2021 19:09:33 | Изменена запись в таблице: section | ID: 16 | Детско-юношеская спортивная школа «MOLNIYA» 
ID пользователя 14 

13-11-2021 19:09:28 | Изменена запись в таблице: section | ID: 17 | Детско-юношеская спортивная школа «QULAGER» 
ID пользователя 14 

13-11-2021 19:09:13 | Изменена запись в таблице: section | ID: 17 | Детско-юношеская спортивная школа «QULAGER» 
ID пользователя 14 

13-11-2021 19:09:04 | Изменена запись в таблице: section | ID: 18 | Детский хоккейный клуб «CASPIY» 
ID пользователя 14 

13-11-2021 19:08:59 | Изменена запись в таблице: section | ID: 19 | Детско-юношеская спортивная школа «OLIMP» 
ID пользователя 14 

13-11-2021 19:08:51 | Изменена запись в таблице: section | ID: 20 | Детский хоккейный клуб «BEIBARYS» 
ID пользователя 14 

13-11-2021 19:08:47 | Изменена запись в таблице: section | ID: 21 | Детско-юношеская спортивная школа «YASTREBY» 
ID пользователя 14 

13-11-2021 19:08:42 | Изменена запись в таблице: section | ID: 22 | Детский хоккейный клуб «GORNYAK» 
ID пользователя 14 

13-11-2021 19:08:35 | Изменена запись в таблице: section | ID: 23 | Детско-юношеская спортивная школа «YASTREBY» 
ID пользователя 14 

13-11-2021 19:08:29 | Изменена запись в таблице: section | ID: 24 | Детско-юношеская спортивная школа «KAYSAR» 
ID пользователя 14 

13-11-2021 19:08:22 | Изменена запись в таблице: section | ID: 25 | Академия хоккея «AQTOBE» 
ID пользователя 14 

13-11-2021 19:07:54 | Изменена запись в таблице: section | ID: 25 | Академия хоккея «AQTOBE» 
ID пользователя 14 

13-11-2021 19:01:45 | Изменена запись в таблице: section | ID: 21 | Детско-юношеская спортивная школа «YASTREBY» 
ID пользователя 14 

13-11-2021 19:00:22 | Изменена запись в таблице: section | ID: 15 | Детско-юношеская спортивная школа «ERTIS» 
ID пользователя 14 

13-11-2021 19:00:18 | Изменена запись в таблице: section | ID: 16 | Детско-юношеская спортивная школа «MOLNIYA» 
ID пользователя 14 

13-11-2021 19:00:15 | Изменена запись в таблице: section | ID: 17 | Детско-юношеская спортивная школа «QULAGER» 
ID пользователя 14 

13-11-2021 19:00:12 | Изменена запись в таблице: section | ID: 18 | Детский хоккейный клуб «CASPIY» 
ID пользователя 14 

13-11-2021 19:00:09 | Изменена запись в таблице: section | ID: 19 | Детско-юношеская спортивная школа «OLIMP» 
ID пользователя 14 

13-11-2021 19:00:05 | Изменена запись в таблице: section | ID: 20 | Детский хоккейный клуб «BEIBARYS» 
ID пользователя 14 

13-11-2021 18:58:07 | 1636829887.png 
ID пользователя 14 

13-11-2021 18:57:24 | Изменена запись в таблице: section | ID: 16 | Детско-юношеская спортивная школа «MOLNIYA» 
ID пользователя 14 

13-11-2021 18:57:20 | 1636829840.png 
ID пользователя 14 

13-11-2021 18:53:00 | Изменена запись в таблице: section | ID: 8 | Хоккейный клуб «RAKHIMZHAN» 
ID пользователя 14 

13-11-2021 18:52:51 | 1636829571.png 
ID пользователя 14 

13-11-2021 18:52:23 | Изменена запись в таблице: section | ID: 7 | Детский хоккейный клуб «STRIZHI» 
ID пользователя 14 

13-11-2021 18:52:20 | 1636829540.png 
ID пользователя 14 

13-11-2021 18:51:50 | 1636829510.png 
ID пользователя 14 

13-11-2021 18:51:00 | Изменена запись в таблице: section | ID: 1 | Детско-юношеская спортивная школа «BARYS» 
ID пользователя 14 

13-11-2021 18:50:56 | Изменена запись в таблице: section | ID: 2 | КГУ «Специализированная детско-юношеская спортивная школа №10 по хоккею с шайбой» акимата г.Нур-Султан 
ID пользователя 14 

13-11-2021 18:50:53 | Изменена запись в таблице: section | ID: 3 | Детский хоккейный клуб «HOCKEY PLANET» 
ID пользователя 14 

13-11-2021 18:50:51 | Изменена запись в таблице: section | ID: 4 | Школа хоккейного мастерства «BRIGANTINA» 
ID пользователя 14 

13-11-2021 18:50:48 | Изменена запись в таблице: section | ID: 5 | Детский хоккейный клуб «DINAMO» 
ID пользователя 14 

13-11-2021 18:50:28 | 1636829428.png 
ID пользователя 14 

13-11-2021 18:50:21 | 1636829421.png 
ID пользователя 14 

13-11-2021 18:50:14 | 1636829414.png 
ID пользователя 14 

13-11-2021 18:49:22 | 1636829362.png 
ID пользователя 14 

13-11-2021 18:47:53 | Изменена запись в таблице: section | ID: 1 | Детско-юношеская спортивная школа «BARYS» 
ID пользователя 14 

13-11-2021 18:47:36 | Изменена запись в таблице: section | ID: 1 | Детско-юношеская спортивная школа «BARYS» 
ID пользователя 14 

13-11-2021 18:46:39 | 1636829199.png 
ID пользователя 14 

13-11-2021 18:42:34 | Изменена запись в таблице: section | ID: 26 | Детский хоккейный клуб "ALMA-ATA" 
ID пользователя 14 

13-11-2021 18:41:47 | Изменена запись в таблице: section | ID: 27 | Детско-юношеская спортивная школа «TORPEDO» 
ID пользователя 14 

13-11-2021 18:40:32 | Изменена запись в таблице: section | ID: 27 | Детско-юношеская спортивная школа «TORPEDO» 
ID пользователя 14 

13-11-2021 18:39:13 | Изменена запись в таблице: section | ID: 27 | Детско-юношеская спортивная школа «TORPEDO» 
ID пользователя 14 

13-11-2021 18:38:31 | Изменена запись в таблице: section | ID: 27 | Детско-юношеская спортивная школа «TORPEDO» 
ID пользователя 14 

13-11-2021 18:36:22 | 1636828582.png 
ID пользователя 14 

13-11-2021 15:13:29 | Изменена запись в таблице: section | ID: 16 | Коммунальное государственное казенное предприятие «Детско-юношеская спортивная школа города Аксу», государственного учреждения «Отдел физической культуры и спорта города Аксу» 
ID пользователя 14 

13-11-2021 15:13:23 | Изменена запись в таблице: section | ID: 16 | Коммунальное государственное казенное предприятие «Детско-юношеская спортивная школа города Аксу», государственного учреждения «Отдел физической культуры и спорта города Аксу» 
ID пользователя 14 

13-11-2021 15:11:45 | Изменена запись в таблице: section | ID: 17 | КГУ «Областная специализированная детско-юношеская спортивная школа имени Казбека Байболова» КГУ «Управление физической культуры и спорта акимата Северо-Казахстанской области» 
ID пользователя 14 

13-11-2021 15:09:47 | Изменена запись в таблице: section | ID: 18 | Мангыстауская Федерация хоккея с шайбой 
ID пользователя 14 

13-11-2021 15:09:19 | Изменена запись в таблице: section | ID: 19 | КГУ Детско-юношеская спортивная школа № 5 г. Актобе 
ID пользователя 14 

13-11-2021 15:09:05 | Изменена запись в таблице: section | ID: 20 | ДКХ «BEIBARYS» 
ID пользователя 14 

13-11-2021 15:08:51 | Изменена запись в таблице: section | ID: 21 | Областная детско-юношеская спортивная школа по зимним видам спорта Управления физической культуры и спорта ЗКО 
ID пользователя 14 

13-11-2021 15:08:31 | Изменена запись в таблице: section | ID: 22 | ТОО «Профессиональный клуб «Аят» 
ID пользователя 14 

13-11-2021 15:08:11 | Изменена запись в таблице: section | ID: 23 | КГКП «Спортивно – оздоровительный комплекс «Қазақстан»  ГУ «Отдела физической культуры и спорта города Сатпаев» 
ID пользователя 14 

13-11-2021 15:07:52 | Изменена запись в таблице: section | ID: 24 | КГУ «Областная специализированная детско-юношеская школа олимпийского резерва №4» 
ID пользователя 14 

13-11-2021 15:07:25 | Изменена запись в таблице: section | ID: 27 | Детско-юношеская спортивная школа «TORPEDO» 
ID пользователя 14 

13-11-2021 15:06:36 | Изменена запись в таблице: section | ID: 18 | Мангыстауская Федерация хоккея с шайбой 
ID пользователя 14 

13-11-2021 15:05:36 | Изменена запись в таблице: section | ID: 19 | КГУ Детско-юношеская спортивная школа № 5 г. Актобе 
ID пользователя 14 

13-11-2021 15:04:19 | Изменена запись в таблице: section | ID: 20 | ДКХ «BEIBARYS» 
ID пользователя 14 

13-11-2021 15:01:26 | Изменена запись в таблице: section | ID: 21 | Областная детско-юношеская спортивная школа по зимним видам спорта Управления физической культуры и спорта ЗКО 
ID пользователя 14 

13-11-2021 14:59:34 | Изменена запись в таблице: section | ID: 21 | Областная детско-юношеская спортивная школа по зимним видам спорта Управления физической культуры и спорта ЗКО 
ID пользователя 14 

13-11-2021 14:56:38 | Изменена запись в таблице: section | ID: 22 | ТОО «Профессиональный клуб «Аят» 
ID пользователя 14 

13-11-2021 14:53:32 | Изменена запись в таблице: section | ID: 23 | КГКП «Спортивно – оздоровительный комплекс «Қазақстан»  ГУ «Отдела физической культуры и спорта города Сатпаев» 
ID пользователя 14 

13-11-2021 14:53:26 | Изменена запись в таблице: section | ID: 23 | КГКП «Спортивно – оздоровительный комплекс «Қазақстан»  ГУ «Отдела физической культуры и спорта города Сатпаев» 
ID пользователя 14 

13-11-2021 14:48:04 | Изменена запись в таблице: section | ID: 27 | Детско-юношеская спортивная школа «TORPEDO» 
ID пользователя 14 

13-11-2021 14:47:06 | Изменена запись в таблице: section | ID: 24 | КГУ «Областная специализированная детско-юношеская школа олимпийского резерва №4» 
ID пользователя 14 

13-11-2021 14:44:31 | Изменена запись в таблице: section | ID: 27 | Детско-юношеская спортивная школа «TORPEDO» 
ID пользователя 14 

13-11-2021 12:58:44 | Изменена запись в таблице: section | ID: 27 | Детско-юношеская спортивная школа «TORPEDO» 
ID пользователя 14 

13-11-2021 12:56:53 | Изменена запись в таблице: section | ID: 27 | Детско-юношеская спортивная школа «TORPEDO» 
ID пользователя 14 

13-11-2021 12:55:48 | 1636808148.png 
ID пользователя 14 

13-11-2021 12:53:55 | Изменена запись в таблице: section | ID: 27 | Детско-юношеская спортивная школа «TORPEDO» 
ID пользователя 14 

13-11-2021 12:53:48 | Добавлена запись в таблицу: section | ID: 27 | Детско-юношеская спортивная школа «TORPEDO» 
ID пользователя 14 

13-11-2021 12:52:44 | Изменена запись в таблице: section | ID: 11 | Детско-юношеская спортивная школа TORPEDO 
ID пользователя 14 

13-11-2021 12:52:35 | Изменена запись в таблице: section | ID: 11 | Детско-юношеская спортивная школа «TORPEDO» 
ID пользователя 14 

13-11-2021 12:52:15 | Изменена запись в таблице: section | ID: 11 | Детско-юношеская спортивная школа «TORPEDO» 
ID пользователя 14 

13-11-2021 12:52:02 | Изменена запись в таблице: section | ID: 11 | Детско-юношеская спортивная школа «TORPEDO» 
ID пользователя 14 

13-11-2021 12:51:42 | Изменена запись в таблице: section | ID: 11 | Детско-юношеская спортивная школа «TORPEDO» 
ID пользователя 14 

13-11-2021 12:47:03 | Изменена запись в таблице: section | ID: 11 | Восточно-Казахстанская областная специализированная детско-юношеская школа олимпийского резерва «TORPEDO» 
ID пользователя 14 

13-11-2021 12:46:15 | Изменена запись в таблице: section | ID: 11 | Восточно-Казахстанская областная специализированная детско-юношеская школа олимпийского резерва «TORPEDO» 
ID пользователя 14 

13-11-2021 12:41:12 | 1636807272.png 
ID пользователя 14 

13-11-2021 07:44:36 | Изменена запись в таблице: section | ID: 25 | ДХК "Актобе" 
ID пользователя 14 

13-11-2021 06:42:51 | Изменена запись в таблице: section | ID: 25 | ДХК "Актобе" 
ID пользователя 14 

13-11-2021 06:41:43 | Изменена запись в таблице: section | ID: 25 | ДХК "Актобе" 
ID пользователя 14 

13-11-2021 06:37:46 | Изменена запись в таблице: section | ID: 25 | ДХК "Актобе" 
ID пользователя 14 

13-11-2021 06:29:30 | Изменена запись в таблице: section | ID: 26 | ДХК Алма-Ата 
ID пользователя 14 

13-11-2021 06:29:22 | Изменена запись в таблице: section | ID: 26 | ДХК Алма-Ата 
ID пользователя 14 

13-11-2021 06:23:48 | 1636784628.png 
ID пользователя 14 

12-11-2021 18:55:35 | Изменена запись в таблице: section | ID: 7 | Детский хоккейный клуб «Стрижи» 
ID пользователя 14 

12-11-2021 18:52:29 | Изменена запись в таблице: section | ID: 20 | ДКХ «BEIBARYS» 
ID пользователя 14 

12-11-2021 18:52:24 | 1636743144.png 
ID пользователя 14 

12-11-2021 18:51:32 | Изменена запись в таблице: section | ID: 25 | ДХК "Актобе" 
ID пользователя 14 

12-11-2021 18:49:46 | Добавлена запись в таблицу: section | ID: 26 | ДХК Алма-Ата 
ID пользователя 14 

12-11-2021 18:47:31 | Изменена запись в таблице: section | ID: 25 | ДХК "Актобе" 
ID пользователя 14 

12-11-2021 18:47:20 | Добавлена запись в таблицу: section | ID: 25 | ДХК "Актобе" 
ID пользователя 14 

12-11-2021 18:47:09 | 1636742829.png 
ID пользователя 14 

12-11-2021 18:45:56 | Изменена запись в таблице: section | ID: 1 | Детско-юношеская спортивная школа «Барыс» 
ID пользователя 14 

12-11-2021 18:45:31 | Изменена запись в таблице: section | ID: 1 | Детско-юношеская спортивная школа «Барыс» 
ID пользователя 14 

12-11-2021 18:44:32 | Изменена запись в таблице: section | ID: 2 | КГУ «Специализированная детско-юношеская спортивная школа №10 по хоккею с шайбой» акимата г.Нур-Султан 
ID пользователя 14 

12-11-2021 18:43:11 | Изменена запись в таблице: section | ID: 3 | ОФ «Детская хоккейная школа «HOCKEY PLANET» 
ID пользователя 14 

12-11-2021 18:41:49 | Изменена запись в таблице: section | ID: 4 | ЧУ «Школа хоккейного мастерства «BRIGANTINA» 
ID пользователя 14 

12-11-2021 18:41:09 | Изменена запись в таблице: section | ID: 5 | Детский хоккейный клуб «ДИНАМО АЛМАТЫ» 
ID пользователя 14 

12-11-2021 18:40:08 | Изменена запись в таблице: section | ID: 6 | Хоккейный клуб «МЕДВЕДИ» 
ID пользователя 14 

12-11-2021 18:39:43 | 1636742383.png 
ID пользователя 14 

12-11-2021 18:38:34 | Изменена запись в таблице: section | ID: 7 | Детский хоккейный клуб «Стрижи» 
ID пользователя 14 

12-11-2021 18:37:16 | Изменена запись в таблице: section | ID: 8 | Хоккейный клуб «RAKHIMZHAN» 
ID пользователя 14 

12-11-2021 18:35:42 | Изменена запись в таблице: section | ID: 9 | ТОО «Спорт Клуб Аспан» г. Алматы 
ID пользователя 14 

12-11-2021 18:34:09 | Изменена запись в таблице: section | ID: 10 | Академия хоккея «АRLAN» имени Айгайбекова Р.Б. 
ID пользователя 14 

12-11-2021 18:32:08 | Изменена запись в таблице: section | ID: 11 | Восточно-Казахстанская областная специализированная детско-юношеская школа олимпийского резерва «TORPEDO» 
ID пользователя 14 

12-11-2021 18:30:55 | Изменена запись в таблице: section | ID: 12 | КГУ «Областная специализированная детско-юношеская школа олимпийского резерва по хоккею с шайбой» Управления физической культуры и спорта Карагандинской области 
ID пользователя 14 

12-11-2021 18:30:40 | 1636741840.png 
ID пользователя 14 

12-11-2021 18:27:31 | Изменена запись в таблице: section | ID: 13 | Общественный Фонд хоккейный клуб «ПСО» г. Экибастуз 
ID пользователя 14 

12-11-2021 18:26:44 | Изменена запись в таблице: section | ID: 14 | КГУ Шымкентская городская специализированная Детско-юношеская спортивная школа олимпийского резерва №8 по зимним видам спорта г. Шымкент 
ID пользователя 14 

12-11-2021 18:25:23 | Изменена запись в таблице: section | ID: 15 | КГУ «Детско-юношеская спортивная школа №1, отдела физической культуры и спорта города Павлодар, акимата города Павлодара 
ID пользователя 14 

12-11-2021 18:24:54 | Изменена запись в таблице: section | ID: 15 | КГУ «Детско-юношеская спортивная школа №1, отдела физической культуры и спорта города Павлодар, акимата города Павлодара 
ID пользователя 14 

12-11-2021 18:23:53 | Изменена запись в таблице: section | ID: 16 | Коммунальное государственное казенное предприятие «Детско-юношеская спортивная школа города Аксу», государственного учреждения «Отдел физической культуры и спорта города Аксу» 
ID пользователя 14 

12-11-2021 18:21:56 | Изменена запись в таблице: section | ID: 17 | КГУ «Областная специализированная детско-юношеская спортивная школа имени Казбека Байболова» КГУ «Управление физической культуры и спорта акимата Северо-Казахстанской области» 
ID пользователя 14 

12-11-2021 18:20:32 | Изменена запись в таблице: section | ID: 18 | Мангыстауская Федерация хоккея с шайбой 
ID пользователя 14 

12-11-2021 18:19:27 | Изменена запись в таблице: section | ID: 19 | КГУ Детско-юношеская спортивная школа № 5 г. Актобе 
ID пользователя 14 

12-11-2021 18:17:57 | Изменена запись в таблице: section | ID: 20 | ДКХ «BEIBARYS» 
ID пользователя 14 

12-11-2021 18:15:34 | Изменена запись в таблице: section | ID: 21 | Областная детско-юношеская спортивная школа по зимним видам спорта Управления физической культуры и спорта ЗКО 
ID пользователя 14 

12-11-2021 18:13:32 | Изменена запись в таблице: section | ID: 22 | ТОО «Профессиональный клуб «Аят» 
ID пользователя 14 

12-11-2021 18:13:24 | Изменена запись в таблице: section | ID: 22 | ТОО «Профессиональный клуб «Аят» 
ID пользователя 14 

12-11-2021 18:11:53 | Изменена запись в таблице: section | ID: 23 | КГКП «Спортивно – оздоровительный комплекс «Қазақстан»  ГУ «Отдела физической культуры и спорта города Сатпаев» 
ID пользователя 14 

12-11-2021 18:09:08 | Изменена запись в таблице: section | ID: 24 | КГУ «Областная специализированная детско-юношеская школа олимпийского резерва №4» 
ID пользователя 14 

12-11-2021 18:08:41 | Изменена запись в таблице: section | ID: 24 | КГУ «Областная специализированная детско-юношеская школа олимпийского резерва №4» 
ID пользователя 14 

12-11-2021 18:05:30 | Изменена запись в таблице: section | ID: 24 | КГУ «Областная специализированная детско-юношеская школа олимпийского резерва №4» 
ID пользователя 14 

12-11-2021 18:04:11 | Изменена запись в таблице: section | ID: 24 | КГУ «Областная специализированная детско-юношеская школа олимпийского резерва №4» 
ID пользователя 14 

12-11-2021 07:53:14 | Изменена запись в таблице: section | ID: 10 | Академия хоккея «АRLAN» имени Айгайбекова Р.Б. 
ID пользователя 14 

12-11-2021 07:08:14 | Изменена запись в таблице: section | ID: 10 | Академия хоккея «АRLAN» имени Айгайбекова Р.Б. 
ID пользователя 14 

11-11-2021 21:03:23 | Изменена запись в таблице: section | ID: 10 | Академия хоккея «АRLAN» имени Айгайбекова Р.Б. 
ID пользователя 15 

11-11-2021 20:13:11 | Изменена запись в таблице: section | ID: 10 | Академия хоккея «АRLAN» имени Айгайбекова Р.Б. 
ID пользователя 15 

11-11-2021 20:12:43 | Изменена запись в таблице: section | ID: 10 | Академия хоккея «АRLAN» имени Айгайбекова Р.Б. 
ID пользователя 15 

10-11-2021 18:39:40 | Изменена запись в таблице: section | ID: 10 | Академия хоккея «АRLAN» имени Айгайбекова Р.Б. 
ID пользователя 14 

10-11-2021 18:33:27 | Изменена запись в таблице: section | ID: 10 | Академия хоккея «АRLAN» имени Айгайбекова Р.Б. 
ID пользователя 14 

11-08-2021 13:52:58 | Добавлена запись в таблицу: pages | ID: 1 | новая страница 
ID пользователя 15 

11-08-2021 13:49:26 | Добавлена запись в таблицу: albums | ID: 2 | Тест альбом 
ID пользователя 15 

29-07-2021 11:52:16 | Добавлена запись в таблицу: pages | ID: 1 | test 
ID пользователя 15 

29-07-2021 07:04:33 | Изменена запись в таблице: pages | ID: 1 |  
ID пользователя 15 

29-07-2021 07:03:53 | Добавлена запись в таблицу: pages | ID: 1 | test 
ID пользователя 15 

29-07-2021 06:36:25 | Добавлена запись в таблицу: pages | ID: 1 | test 
ID пользователя 15 

29-07-2021 02:53:11 | Изменена запись в таблице: pages | ID: 1 |  
ID пользователя 15 

29-07-2021 02:52:38 | Изменена запись в таблице: pages | ID: 1 |  
ID пользователя 15 

29-07-2021 02:51:27 | Изменена запись в таблице: pages | ID: 1 |  
ID пользователя 15 

29-07-2021 02:50:48 | Изменена запись в таблице: pages | ID: 1 |  
ID пользователя 15 

29-07-2021 02:48:15 | Изменена запись в таблице: pages | ID: 1 |  
ID пользователя 15 

29-07-2021 02:47:36 | Изменена запись в таблице: pages | ID: 1 |  
ID пользователя 15 

29-07-2021 02:46:36 | Изменена запись в таблице: pages | ID: 1 |  
ID пользователя 15 

29-07-2021 02:46:05 | Изменена запись в таблице: pages | ID: 1 |  
ID пользователя 15 

29-07-2021 02:45:18 | Изменена запись в таблице: pages | ID: 1 |  
ID пользователя 15 

29-07-2021 02:42:52 | Изменена запись в таблице: pages | ID: 1 |  
ID пользователя 15 

29-07-2021 02:41:27 | Изменена запись в таблице: pages | ID: 1 |  
ID пользователя 15 

29-07-2021 02:40:18 | Изменена запись в таблице: pages | ID: 1 |  
ID пользователя 15 

29-07-2021 02:29:13 | Изменена запись в таблице: pages | ID: 1 |  
ID пользователя 15 

29-07-2021 02:28:45 | 1627525725.png 
ID пользователя 15 

29-07-2021 01:16:24 | Изменена запись в таблице: pages | ID: 1 |  
ID пользователя 15 

29-07-2021 01:15:30 | Изменена запись в таблице: pages | ID: 1 |  
ID пользователя 15 

29-07-2021 01:09:50 | Добавлена запись в таблицу: pages | ID: 1 | test 
ID пользователя 15 

27-07-2021 01:56:57 | Добавлена запись в таблицу: users | ID: 15 | Трушков Михаил 
ID пользователя 14 

18-08-2020 21:46:57 | Изменена запись в таблице: articles | ID: 1 |  
ID пользователя 14 

18-08-2020 21:46:34 | Изменена запись в таблице: articles | ID: 1 |  
ID пользователя 14 

10-07-2020 18:01:42 | Добавлена запись в таблицу: section | ID: 24 | КГУ «Областная специализированная детско-юношеская школа олимпийского резерва №4» 
ID пользователя 14 

10-07-2020 18:01:41 | 1594404101.png 
ID пользователя 14 

10-07-2020 18:00:01 | Изменена запись в таблице: section | ID: 1 | Детско-юношеская спортивная школа «Барыс» 
ID пользователя 14 

10-07-2020 17:59:44 | Изменена запись в таблице: section | ID: 2 | КГУ «Специализированная детско-юношеская спортивная школа №10 по хоккею с шайбой» акимата г.Нур-Султан 
ID пользователя 14 

10-07-2020 17:58:16 | Изменена запись в таблице: section | ID: 3 | ОФ «Детская хоккейная школа «HOCKEY PLANET» 
ID пользователя 14 

10-07-2020 17:56:54 | Изменена запись в таблице: section | ID: 4 | ЧУ «Школа хоккейного мастерства «BRIGANTINA» 
ID пользователя 14 

10-07-2020 17:54:34 | Изменена запись в таблице: section | ID: 5 | Детский хоккейный клуб «ДИНАМО АЛМАТЫ» 
ID пользователя 14 

10-07-2020 17:52:45 | Изменена запись в таблице: section | ID: 6 | Хоккейный клуб «МЕДВЕДИ» 
ID пользователя 14 

10-07-2020 17:49:03 | Изменена запись в таблице: section | ID: 7 | Детский хоккейный клуб «Стрижи» 
ID пользователя 14 

10-07-2020 17:46:27 | Изменена запись в таблице: section | ID: 8 | Хоккейный клуб «RAHIMZHAN» 
ID пользователя 14 

10-07-2020 17:31:24 | Изменена запись в таблице: section | ID: 9 | ТОО «Спорт Клуб Аспан» г. Алматы 
ID пользователя 14 

10-07-2020 17:30:48 | Изменена запись в таблице: section | ID: 10 | Академия хоккея «АRLAN» имени Айгайбекова Р.Б. 
ID пользователя 14 

10-07-2020 17:28:52 | Изменена запись в таблице: section | ID: 11 | Восточно-Казахстанская областная специализированная детско-юношеская школа олимпийского резерва «TORPEDO» г. Усть-Каменогорск 
ID пользователя 14 

10-07-2020 17:27:34 | Изменена запись в таблице: section | ID: 12 | КГУ «Областная специализированная детско-юношеская школа олимпийского резерва по хоккею с шайбой» Управления физической культуры и спорта Карагандинской области 
ID пользователя 14 

10-07-2020 17:21:23 | Изменена запись в таблице: section | ID: 13 | Общественный Фонд хоккейный клуб «ПСО» г. Экибастуз 
ID пользователя 14 

10-07-2020 17:19:38 | Изменена запись в таблице: section | ID: 14 | КГУ Шымкентская городская специализированная Детско-юношеская спортивная школа олимпийского резерва №8 по зимним видам спорта г. Шымкент 
ID пользователя 14 

10-07-2020 17:17:59 | 1594401479.png 
ID пользователя 14 

10-07-2020 17:17:27 | Изменена запись в таблице: section | ID: 15 | КГУ «Детско-юношеская спортивная школа №1, отдела физической культуры и спорта города Павлодар, акимата города Павлодара 
ID пользователя 14 

10-07-2020 17:04:32 | Изменена запись в таблице: section | ID: 16 | Коммунальное государственное казенное предприятие «Детско-юношеская спортивная школа города Аксу», государственного учреждения «Отдел физической культуры и спорта города Аксу», акимата города Аксу 
ID пользователя 14 

10-07-2020 17:00:16 | Изменена запись в таблице: section | ID: 17 | КГУ «Областная специализированная детско-юношеская спортивная школа имени Казбека Байболова» КГУ «Управление физической культуры и спорта акимата Северо-Казахстанской области» 
ID пользователя 14 

10-07-2020 09:51:28 | Изменена запись в таблице: section | ID: 18 | Мангыстауская Федерация хоккея с шайбой 
ID пользователя 14 

10-07-2020 07:51:36 | Изменена запись в таблице: section | ID: 19 | КГУ Детско-юношеская спортивная школа № 5 г. Актобе 
ID пользователя 14 

10-07-2020 07:48:42 | Изменена запись в таблице: section | ID: 20 | ДКХ «BEIBARYS» 
ID пользователя 14 

10-07-2020 07:46:40 | Изменена запись в таблице: section | ID: 20 | ДКХ «BEIBARYS» 
ID пользователя 14 

10-07-2020 07:44:52 | Изменена запись в таблице: section | ID: 21 | Областная детско-юношеская спортивная школа по зимним видам спорта Управления физической культуры и спорта ЗКО 
ID пользователя 14 

10-07-2020 07:42:13 | Изменена запись в таблице: section | ID: 22 | ТОО «Профессиональный клуб «Аят» 
ID пользователя 14 

10-07-2020 06:54:54 | Изменена запись в таблице: section | ID: 22 | ТОО «Профессиональный клуб «Аят» 
ID пользователя 14 

10-07-2020 05:31:18 | Изменена запись в таблице: section | ID: 1 | Детско-юношеская спортивная школа «Барыс» 
ID пользователя 14 

10-07-2020 05:30:48 | Изменена запись в таблице: section | ID: 1 | Детско-юношеская спортивная школа «Барыс» 
ID пользователя 14 

10-07-2020 05:08:30 | Изменена запись в таблице: section | ID: 1 | Детско-юношеская спортивная школа «Барыс» г. Нур-Султан 
ID пользователя 14 

10-07-2020 04:52:39 | Изменена запись в таблице: section | ID: 1 | Детско-юношеская спортивная школа «Барыс» г. Нур-Султан 
ID пользователя 14 

10-07-2020 04:52:20 | 1594356740.png 
ID пользователя 14 

10-07-2020 04:52:03 | 1594356723.png 
ID пользователя 14 

10-07-2020 04:51:42 | 1594356702.png 
ID пользователя 14 

10-07-2020 04:35:38 | Изменена запись в таблице: section | ID: 1 | Детско-юношеская спортивная школа «Барыс» г. Нур-Султан 
ID пользователя 14 

10-07-2020 04:17:06 | Изменена запись в таблице: section | ID: 1 | Детско-юношеская спортивная школа «Барыс» г. Нур-Султан 
ID пользователя 14 

10-07-2020 04:17:04 | 1594354624.png 
ID пользователя 14 

10-07-2020 04:17:01 | 1594354621.png 
ID пользователя 14 

10-07-2020 04:16:56 | Изменена запись в таблице: section | ID: 2 | КГУ «Специализированная детско-юношеская спортивная школа №10 по хоккею с шайбой» акимата г.Нур-Султан 
ID пользователя 14 

10-07-2020 04:16:53 | 1594354613.png 
ID пользователя 14 

10-07-2020 04:16:47 | Изменена запись в таблице: section | ID: 3 | ОФ «Детская хоккейная школа «HOCKEY PLANET» 
ID пользователя 14 

10-07-2020 04:16:45 | 1594354605.jpeg 
ID пользователя 14 

10-07-2020 04:16:39 | Изменена запись в таблице: section | ID: 4 | ЧУ «Школа хоккейного мастерства «BRIGANTINA» 
ID пользователя 14 

10-07-2020 04:16:37 | 1594354597.png 
ID пользователя 14 

10-07-2020 04:16:31 | Изменена запись в таблице: section | ID: 5 | Детский хоккейный клуб «ДИНАМО АЛМАТЫ» 
ID пользователя 14 

10-07-2020 04:16:29 | 1594354589.png 
ID пользователя 14 

10-07-2020 04:16:23 | Изменена запись в таблице: section | ID: 6 | Хоккейный клуб «МЕДВЕДИ» 
ID пользователя 14 

10-07-2020 04:16:22 | 1594354582.png 
ID пользователя 14 

10-07-2020 04:16:07 | Изменена запись в таблице: section | ID: 7 | Детский хоккейный клуб «Стрижи» 
ID пользователя 14 

10-07-2020 04:16:05 | 1594354565.png 
ID пользователя 14 

10-07-2020 04:15:54 | Изменена запись в таблице: section | ID: 8 | Хоккейный клуб «RAHIMZHAN» 
ID пользователя 14 

10-07-2020 04:15:52 | 1594354552.png 
ID пользователя 14 

10-07-2020 04:15:46 | Изменена запись в таблице: section | ID: 9 | ТОО «Спорт Клуб Аспан» г. Алматы 
ID пользователя 14 

10-07-2020 04:15:44 | 1594354544.png 
ID пользователя 14 

10-07-2020 04:15:35 | Изменена запись в таблице: section | ID: 10 | Академия хоккея «АRLAN» имени Айгайбекова Р.Б. 
ID пользователя 14 

10-07-2020 04:15:34 | 1594354534.png 
ID пользователя 14 

10-07-2020 04:15:28 | Изменена запись в таблице: section | ID: 11 | Восточно-Казахстанская областная специализированная детско-юношеская школа олимпийского резерва «TORPEDO» г. Усть-Каменогорск 
ID пользователя 14 

10-07-2020 04:15:26 | 1594354526.png 
ID пользователя 14 

10-07-2020 04:15:19 | Изменена запись в таблице: section | ID: 12 | КГУ «Областная специализированная детско-юношеская школа олимпийского резерва по хоккею с шайбой» Управления физической культуры и спорта Карагандинской области 
ID пользователя 14 

10-07-2020 04:15:17 | 1594354517.png 
ID пользователя 14 

10-07-2020 04:15:11 | Изменена запись в таблице: section | ID: 13 | Общественный Фонд хоккейный клуб «ПСО» г. Экибастуз 
ID пользователя 14 

10-07-2020 04:15:09 | 1594354509.png 
ID пользователя 14 

10-07-2020 04:14:55 | Изменена запись в таблице: section | ID: 14 | КГУ Шымкентская городская специализированная Детско-юношеская спортивная школа олимпийского резерва №8 по зимним видам спорта г. Шымкент 
ID пользователя 14 

10-07-2020 04:14:53 | 1594354493.png 
ID пользователя 14 

10-07-2020 04:14:43 | Изменена запись в таблице: section | ID: 15 | КГУ «Детско-юношеская спортивная школа №1, отдела физической культуры и спорта города Павлодар, акимата города Павлодара 
ID пользователя 14 

10-07-2020 04:14:41 | 1594354481.png 
ID пользователя 14 

10-07-2020 04:14:35 | Изменена запись в таблице: section | ID: 16 | Коммунальное государственное казенное предприятие «Детско-юношеская спортивная школа города Аксу», государственного учреждения «Отдел физической культуры и спорта города Аксу», акимата города Аксу 
ID пользователя 14 

10-07-2020 04:14:33 | 1594354473.png 
ID пользователя 14 

10-07-2020 04:14:26 | Изменена запись в таблице: section | ID: 17 | КГУ «Областная специализированная детско-юношеская спортивная школа имени Казбека Байболова» КГУ «Управление физической культуры и спорта акимата Северо-Казахстанской области» 
ID пользователя 14 

10-07-2020 04:14:25 | 1594354465.png 
ID пользователя 14 

10-07-2020 04:14:17 | Изменена запись в таблице: section | ID: 18 | Мангыстауская Федерация хоккея с шайбой 
ID пользователя 14 

10-07-2020 04:14:15 | 1594354455.png 
ID пользователя 14 

10-07-2020 04:14:09 | Изменена запись в таблице: section | ID: 19 | КГУ Детско-юношеская спортивная школа № 5 г. Актобе 
ID пользователя 14 

10-07-2020 04:14:07 | 1594354447.png 
ID пользователя 14 

10-07-2020 04:13:58 | Изменена запись в таблице: section | ID: 20 | ДКХ «BEIBARYS» 
ID пользователя 14 

10-07-2020 04:13:56 | 1594354436.png 
ID пользователя 14 

10-07-2020 04:13:48 | Изменена запись в таблице: section | ID: 21 | Областная детско-юношеская спортивная школа по зимним видам спорта Управления физической культуры и спорта ЗКО 
ID пользователя 14 

10-07-2020 04:13:47 | 1594354427.png 
ID пользователя 14 

10-07-2020 04:13:35 | Изменена запись в таблице: section | ID: 22 | ТОО «Профессиональный клуб «Аят» 
ID пользователя 14 

10-07-2020 04:13:33 | 1594354413.png 
ID пользователя 14 

10-07-2020 04:12:42 | Изменена запись в таблице: section | ID: 23 | КГКП «Спортивно – оздоровительный комплекс «Қазақстан»  ГУ «Отдела физической культуры и спорта города Сатпаев» 
ID пользователя 14 

10-07-2020 04:12:39 | 1594354359.png 
ID пользователя 14 

08-07-2020 08:55:36 | 1594198536.jpeg 
ID пользователя 14 

08-07-2020 08:24:38 | Изменена запись в таблице: section | ID: 23 | КГКП «Спортивно – оздоровительный комплекс «Қазақстан»  ГУ «Отдела физической культуры и спорта города Сатпаев» 
ID пользователя 14 

08-07-2020 08:07:39 | Изменена запись в таблице: section | ID: 23 | КГКП «Спортивно – оздоровительный комплекс «Қазақстан»  ГУ «Отдела физической культуры и спорта города Сатпаев» 
ID пользователя 14 

08-07-2020 08:06:14 | Изменена запись в таблице: section | ID: 23 | КГКП «Спортивно – оздоровительный комплекс «Қазақстан»  ГУ «Отдела физической культуры и спорта города Сатпаев» 
ID пользователя 14 

08-07-2020 08:06:01 | Изменена запись в таблице: section | ID: 23 | КГКП «Спортивно – оздоровительный комплекс «Қазақстан»  ГУ «Отдела физической культуры и спорта города Сатпаев» 
ID пользователя 14 

02-07-2020 08:13:38 | Добавлена запись в таблицу: users | ID: 14 | Администратор Salem Hokei 
ID пользователя 1 

21-10-2019 09:32:19 | Изменена запись в таблице: agreements | ID: 6 | Договор #2 
ID пользователя 15 

21-10-2019 09:22:00 | Добавлена запись в таблицу: agreements | ID: 6 | Договор #2 
ID пользователя 15 

21-10-2019 09:00:29 | Изменена запись в таблице: users | ID: 19 | Мамырбеков Меир Бауржанулы 
ID пользователя 15 

21-10-2019 08:59:58 | Изменена запись в таблице: agreements | ID: 5 | Договор #2 
ID пользователя 15 

21-10-2019 08:58:38 | Добавлена запись в таблицу: agreements | ID: 5 | Договор #2 
ID пользователя 15 

21-10-2019 08:56:50 | Добавлена запись в таблицу: users | ID: 19 | Мамырбеков Меир Бауржанулы 
ID пользователя 17 

21-10-2019 04:44:28 | Изменена запись в таблице: agreements | ID: 4 | Договор #7777 
ID пользователя 17 

21-10-2019 04:41:21 | Добавлена запись в таблицу: agreements | ID: 4 | Договор #7777 
ID пользователя 17 

21-10-2019 04:26:22 | Добавлена запись в таблицу: users | ID: 18 | Альмагамбитов 
ID пользователя 17 

21-10-2019 04:22:34 | Добавлена запись в таблицу: users | ID: 17 | Администратор 
ID пользователя 15 

18-10-2019 11:42:39 | Изменена запись в таблице: users | ID: 16 | Мамырбеков Меир Бауржанулы 
ID пользователя 15 

18-10-2019 11:34:48 | Изменена запись в таблице: users | ID: 16 | Мамырбеков Меир Бауржанулы 
ID пользователя 15 

18-10-2019 11:32:51 | Изменена запись в таблице: agreements | ID: 3 | Договор #3 
ID пользователя 15 

18-10-2019 11:31:01 | Изменена запись в таблице: users | ID: 16 | Мамырбеков Меир Бауржанулы 
ID пользователя 15 

18-10-2019 11:30:30 | Изменена запись в таблице: agreements | ID: 3 | Договор #3 
ID пользователя 15 

18-10-2019 11:29:56 | Изменена запись в таблице: agreements | ID: 3 | Договор #3 
ID пользователя 15 

18-10-2019 11:27:11 | Изменена запись в таблице: agreements | ID: 3 | Договор #3 
ID пользователя 15 

18-10-2019 11:26:30 | Добавлена запись в таблицу: agreements | ID: 3 | Договор #3 
ID пользователя 15 

18-10-2019 11:14:22 | Изменена запись в таблице: users | ID: 16 | Мамырбеков Меир Бауржанулы 
ID пользователя 15 

18-10-2019 11:12:55 | Изменена запись в таблице: users | ID: 16 | Мамырбеков Меир Бауржанулы 
ID пользователя 15 

18-10-2019 11:11:53 | Изменена запись в таблице: users | ID: 16 | Мамырбеков Меир Бауржанулы 
ID пользователя 15 

18-10-2019 11:11:50 | Изменена запись в таблице: users | ID: 16 | Мамырбеков Меир Бауржанулы 
ID пользователя 15 

18-10-2019 11:09:19 | Изменена запись в таблице: users | ID: 16 | Мамырбеков Меир Бауржанулы 
ID пользователя 15 

18-10-2019 11:01:09 | Добавлена запись в таблицу: users | ID: 16 | Мамырбеков Меир Бауржанулы 
ID пользователя 15 

18-10-2019 10:44:35 | Добавлена запись в таблицу: agreements | ID: 2 | Договор #2 
ID пользователя 15 

17-10-2019 11:53:04 | Изменена запись в таблице: users | ID: 14 | Мамырбеков Меир 
ID пользователя 15 

17-10-2019 11:50:54 | Изменена запись в таблице: users | ID: 14 | Мамырбеков Меир 
ID пользователя 15 

17-10-2019 11:47:35 | Изменена запись в таблице: users | ID: 14 | Мамырбеков Меир 
ID пользователя 15 

17-10-2019 11:46:47 | Изменена запись в таблице: users | ID: 14 | Мамырбеков Меир 
ID пользователя 15 

17-10-2019 11:46:43 | Изменена запись в таблице: users | ID: 14 | Мамырбеков Меир 
ID пользователя 15 

17-10-2019 11:44:20 | Изменена запись в таблице: users | ID: 14 | Мамырбеков Меир 
ID пользователя 15 

17-10-2019 11:36:55 | Изменена запись в таблице: users | ID: 14 | Мамырбеков Меир 
ID пользователя 15 

17-10-2019 11:36:37 | Изменена запись в таблице: users | ID: 14 | Мамырбеков Меир 
ID пользователя 15 

17-10-2019 11:35:36 | Изменена запись в таблице: users | ID: 14 | Мамырбеков Меир 
ID пользователя 15 
